mode: set
v2/be/internal/app/app.go:8.39,9.71 1 1
v2/be/internal/app/app.go:9.71,11.17 2 1
v2/be/internal/app/app.go:11.17,13.4 1 0
v2/be/internal/app/errors.go:10.46,11.16 1 1
v2/be/internal/app/errors.go:11.16,13.3 1 1
v2/be/internal/app/errors.go:16.40,18.2 1 0
v2/be/internal/app/errors.go:20.72,24.16 3 1
v2/be/internal/app/errors.go:24.16,26.3 1 0
v2/be/internal/app/errors.go:29.70,33.16 3 1
v2/be/internal/app/errors.go:33.16,35.3 1 0
v2/be/internal/app/errors.go:38.70,40.16 2 1
v2/be/internal/app/errors.go:40.16,42.3 1 0
v2/be/internal/app/errors.go:45.79,49.16 3 1
v2/be/internal/app/errors.go:49.16,51.3 1 0
v2/be/internal/app/errors.go:54.77,58.16 3 1
v2/be/internal/app/errors.go:58.16,60.3 1 0
v2/be/internal/app/errors.go:63.84,67.16 3 1
v2/be/internal/app/errors.go:67.16,69.3 1 0
v2/be/internal/app/middleware.go:27.134,28.46 1 1
v2/be/internal/app/middleware.go:28.46,29.72 1 1
v2/be/internal/app/middleware.go:29.72,31.11 2 1
v2/be/internal/app/middleware.go:31.11,34.5 2 0
v2/be/internal/app/middleware.go:36.4,37.20 2 1
v2/be/internal/app/middleware.go:37.20,40.5 2 1
v2/be/internal/app/middleware.go:42.4,43.18 2 1
v2/be/internal/app/middleware.go:43.18,46.5 2 0
v2/be/internal/app/middleware.go:48.4,48.15 1 1
v2/be/internal/app/middleware.go:48.15,51.5 2 1
v2/be/internal/app/middleware.go:53.4,56.24 3 1
v2/be/internal/app/routes.go:12.98,20.34 6 0
v2/be/internal/app/routes.go:20.34,22.3 1 0
v2/be/internal/app/routes.go:23.2,23.15 1 0
v2/be/internal/app/users.go:21.102,22.71 1 1
v2/be/internal/app/users.go:22.71,29.17 3 1
v2/be/internal/app/users.go:29.17,32.4 2 1
v2/be/internal/app/users.go:34.3,43.17 8 1
v2/be/internal/app/users.go:43.17,46.4 2 1
v2/be/internal/app/users.go:48.3,49.17 2 1
v2/be/internal/app/users.go:49.17,52.4 2 0
v2/be/internal/app/users.go:54.3,63.17 4 1
v2/be/internal/app/users.go:63.17,64.11 1 1
v2/be/internal/app/users.go:65.53,66.39 1 1
v2/be/internal/app/users.go:67.12,68.32 1 0
v2/be/internal/app/users.go:70.4,70.10 1 1
v2/be/internal/app/users.go:73.3,76.17 3 1
v2/be/internal/app/users.go:76.17,78.4 1 0
v2/be/internal/app/users.go:86.100,87.71 1 1
v2/be/internal/app/users.go:87.71,94.17 3 1
v2/be/internal/app/users.go:94.17,97.4 2 1
v2/be/internal/app/users.go:99.3,107.17 8 1
v2/be/internal/app/users.go:107.17,110.4 2 1
v2/be/internal/app/users.go:112.3,113.17 2 1
v2/be/internal/app/users.go:113.17,114.11 1 1
v2/be/internal/app/users.go:115.50,116.37 1 1
v2/be/internal/app/users.go:117.12,118.32 1 0
v2/be/internal/app/users.go:120.4,120.10 1 1
v2/be/internal/app/users.go:123.3,124.17 2 1
v2/be/internal/app/users.go:124.17,127.4 2 0
v2/be/internal/app/users.go:129.3,129.13 1 1
v2/be/internal/app/users.go:129.13,132.4 2 1
v2/be/internal/app/users.go:134.3,135.17 2 1
v2/be/internal/app/users.go:135.17,138.4 2 0
v2/be/internal/app/users.go:140.3,143.17 3 1
v2/be/internal/app/users.go:143.17,145.4 1 0
